0 info it worked if it ends with ok
1 verbose cli [ 'C:\\Program Files\\nodejs\\node.exe',
1 verbose cli   'C:\\Program Files\\nodejs\\node_modules\\npm\\bin\\npm-cli.js',
1 verbose cli   'run',
1 verbose cli   'demo01' ]
2 info using npm@3.10.8
3 info using node@v6.9.1
4 verbose run-script [ 'predemo01', 'demo01', 'postdemo01' ]
5 info lifecycle css-modules-demos@1.0.0~predemo01: css-modules-demos@1.0.0
6 silly lifecycle css-modules-demos@1.0.0~predemo01: no script for predemo01, continuing
7 info lifecycle css-modules-demos@1.0.0~demo01: css-modules-demos@1.0.0
8 verbose lifecycle css-modules-demos@1.0.0~demo01: unsafe-perm in lifecycle true
9 verbose lifecycle css-modules-demos@1.0.0~demo01: PATH: C:\Program Files\nodejs\node_modules\npm\bin\node-gyp-bin;D:\WWW_services\CSS module\css-modules-demos\node_modules\.bin;C:\Perl64\site\bin;C:\Perl64\bin;C:\Program Files\Java\jdk1.7.0_51\bin;C:\Program Files\Java\jdk1.7.0_51\jre\bin;C:\Program Files\MATLAB\R2013b\runtime\win64;C:\Program Files\MATLAB\R2013b\bin;C:\MATLAB7\bin\win32;C:\Program Files (x86)\Intel\OpenCL SDK\2.0\bin\x86;C:\Program Files (x86)\Intel\OpenCL SDK\2.0\bin\x64;C:\Program Files\MATLAB\R2010b\runtime\win64;C:\Program Files\MATLAB\R2010b\bin;C:\Program Files\Git\cmd;C:\Program Files\nodejs\node_global;C:\Program Files\MongoDB\Server\3.2\bin;C:\Program Files\nodejs\;%XDCROOT%“;C:\Windows\system32;C:\modeltech_6.5c\win32;D:\modeltech64_10.2c\win64;C:\Users\jwdn\AppData\Roaming\npm
10 verbose lifecycle css-modules-demos@1.0.0~demo01: CWD: D:\WWW_services\CSS module\css-modules-demos
11 silly lifecycle css-modules-demos@1.0.0~demo01: Args: [ '/d /s /c',
11 silly lifecycle   'webpack-dev-server --config demo01/webpack.config.js --content-base demo01' ]
12 silly lifecycle css-modules-demos@1.0.0~demo01: Returned: code: 1  signal: null
13 info lifecycle css-modules-demos@1.0.0~demo01: Failed to exec demo01 script
14 verbose stack Error: css-modules-demos@1.0.0 demo01: `webpack-dev-server --config demo01/webpack.config.js --content-base demo01`
14 verbose stack Exit status 1
14 verbose stack     at EventEmitter.<anonymous> (C:\Program Files\nodejs\node_modules\npm\lib\utils\lifecycle.js:255:16)
14 verbose stack     at emitTwo (events.js:106:13)
14 verbose stack     at EventEmitter.emit (events.js:191:7)
14 verbose stack     at ChildProcess.<anonymous> (C:\Program Files\nodejs\node_modules\npm\lib\utils\spawn.js:40:14)
14 verbose stack     at emitTwo (events.js:106:13)
14 verbose stack     at ChildProcess.emit (events.js:191:7)
14 verbose stack     at maybeClose (internal/child_process.js:877:16)
14 verbose stack     at Process.ChildProcess._handle.onexit (internal/child_process.js:226:5)
15 verbose pkgid css-modules-demos@1.0.0
16 verbose cwd D:\WWW_services\CSS module\css-modules-demos
17 error Windows_NT 6.2.9200
18 error argv "C:\\Program Files\\nodejs\\node.exe" "C:\\Program Files\\nodejs\\node_modules\\npm\\bin\\npm-cli.js" "run" "demo01"
19 error node v6.9.1
20 error npm  v3.10.8
21 error code ELIFECYCLE
22 error css-modules-demos@1.0.0 demo01: `webpack-dev-server --config demo01/webpack.config.js --content-base demo01`
22 error Exit status 1
23 error Failed at the css-modules-demos@1.0.0 demo01 script 'webpack-dev-server --config demo01/webpack.config.js --content-base demo01'.
23 error Make sure you have the latest version of node.js and npm installed.
23 error If you do, this is most likely a problem with the css-modules-demos package,
23 error not with npm itself.
23 error Tell the author that this fails on your system:
23 error     webpack-dev-server --config demo01/webpack.config.js --content-base demo01
23 error You can get information on how to open an issue for this project with:
23 error     npm bugs css-modules-demos
23 error Or if that isn't available, you can get their info via:
23 error     npm owner ls css-modules-demos
23 error There is likely additional logging output above.
24 verbose exit [ 1, true ]
